c:\users\pencu\source\repos\raytrace_console\raytrace_windows\x64\debug\raytrace_windows.pch
c:\users\pencu\source\repos\raytrace_console\raytrace_windows\x64\debug\vc141.pdb
c:\users\pencu\source\repos\raytrace_console\raytrace_windows\x64\debug\vc141.idb
c:\users\pencu\source\repos\raytrace_console\raytrace_windows\x64\debug\stdafx.obj
x64\debug\camera.cu.obj
x64\debug\cudarender.cu.obj
x64\debug\hit.cu.obj
x64\debug\hit.cuh.obj
x64\debug\hittablelist.cu.obj
x64\debug\kernel.cu.obj
x64\debug\material.cu.obj
x64\debug\ray.cu.obj
x64\debug\sphere.cu.obj
c:\users\pencu\source\repos\raytrace_console\raytrace_windows\x64\debug\camera.cu.cache
c:\users\pencu\source\repos\raytrace_console\raytrace_windows\x64\debug\cudarender.cu.cache
c:\users\pencu\source\repos\raytrace_console\raytrace_windows\x64\debug\hit.cu.cache
c:\users\pencu\source\repos\raytrace_console\raytrace_windows\x64\debug\hit.cuh.cache
c:\users\pencu\source\repos\raytrace_console\raytrace_windows\x64\debug\hittablelist.cu.cache
c:\users\pencu\source\repos\raytrace_console\raytrace_windows\x64\debug\kernel.cu.cache
c:\users\pencu\source\repos\raytrace_console\raytrace_windows\x64\debug\material.cu.cache
c:\users\pencu\source\repos\raytrace_console\raytrace_windows\x64\debug\ray.cu.cache
c:\users\pencu\source\repos\raytrace_console\raytrace_windows\x64\debug\sphere.cu.cache
c:\users\pencu\source\repos\raytrace_console\raytrace_windows\x64\debug\camera.cu.obj
c:\users\pencu\source\repos\raytrace_console\raytrace_windows\x64\debug\cudarender.cu.obj
c:\users\pencu\source\repos\raytrace_console\raytrace_windows\x64\debug\hit.cu.obj
c:\users\pencu\source\repos\raytrace_console\raytrace_windows\x64\debug\hit.cuh.obj
c:\users\pencu\source\repos\raytrace_console\raytrace_windows\x64\debug\hittablelist.cu.obj
c:\users\pencu\source\repos\raytrace_console\raytrace_windows\x64\debug\material.cu.obj
c:\users\pencu\source\repos\raytrace_console\raytrace_windows\x64\debug\ray.cu.obj
c:\users\pencu\source\repos\raytrace_console\raytrace_windows\x64\debug\sphere.cu.obj
c:\users\pencu\source\repos\raytrace_console\raytrace_windows\x64\debug\raytrace_windows.tlog\cl.command.1.tlog
c:\users\pencu\source\repos\raytrace_console\raytrace_windows\x64\debug\raytrace_windows.tlog\cl.read.1.tlog
c:\users\pencu\source\repos\raytrace_console\raytrace_windows\x64\debug\raytrace_windows.tlog\cl.write.1.tlog
c:\users\pencu\source\repos\raytrace_console\raytrace_windows\x64\debug\raytrace_windows.tlog\cudacompile.read.1u.tlog
c:\users\pencu\source\repos\raytrace_console\raytrace_windows\x64\debug\raytrace_windows.tlog\cudacompile.write.1u.tlog
