c:\users\pencu\source\repos\raytrace_console\raytrace_1\debug\raytrace_1.pch
c:\users\pencu\source\repos\raytrace_console\raytrace_1\debug\vc141.pdb
c:\users\pencu\source\repos\raytrace_console\raytrace_1\debug\vc141.idb
c:\users\pencu\source\repos\raytrace_console\raytrace_1\debug\stdafx.obj
c:\users\pencu\source\repos\raytrace_console\raytrace_1\debug\renderpipe.obj
c:\users\pencu\source\repos\raytrace_console\raytrace_1\debug\raytrace_1.obj
c:\users\pencu\source\repos\raytrace_console\raytrace_1\debug\3dmath.obj
c:\users\pencu\source\repos\raytrace_console\debug\raytrace_1.exe
c:\users\pencu\source\repos\raytrace_console\debug\raytrace_1.ilk
c:\users\pencu\source\repos\raytrace_console\debug\raytrace_1.pdb
c:\users\pencu\source\repos\raytrace_console\raytrace_1\debug\raytrace_1.res
c:\users\pencu\source\repos\raytrace_console\raytrace_1\debug\raytrace_1.tlog\cl.command.1.tlog
c:\users\pencu\source\repos\raytrace_console\raytrace_1\debug\raytrace_1.tlog\cl.read.1.tlog
c:\users\pencu\source\repos\raytrace_console\raytrace_1\debug\raytrace_1.tlog\cl.write.1.tlog
c:\users\pencu\source\repos\raytrace_console\raytrace_1\debug\raytrace_1.tlog\link.command.1.tlog
c:\users\pencu\source\repos\raytrace_console\raytrace_1\debug\raytrace_1.tlog\link.read.1.tlog
c:\users\pencu\source\repos\raytrace_console\raytrace_1\debug\raytrace_1.tlog\link.write.1.tlog
c:\users\pencu\source\repos\raytrace_console\raytrace_1\debug\raytrace_1.tlog\rc.command.1.tlog
c:\users\pencu\source\repos\raytrace_console\raytrace_1\debug\raytrace_1.tlog\rc.read.1.tlog
c:\users\pencu\source\repos\raytrace_console\raytrace_1\debug\raytrace_1.tlog\rc.write.1.tlog
